# JRE version: Java(TM) SE Runtime Environment (8.0_144-b01) (build 1.8.0_144-b01)
# Java VM: Java HotSpot(TM) 64-Bit Server VM (25.144-b01 mixed mode linux-amd64 compressed oops)
Heap:
 PSYoungGen      total 291328K, used 13809K [0x00000000e6200000, 0x00000000f9b80000, 0x0000000100000000)
  eden space 277504K, 0% used [0x00000000e6200000,0x00000000e6200000,0x00000000f7100000)
  from space 13824K, 99% used [0x00000000f8080000,0x00000000f8dfc7d0,0x00000000f8e00000)
  to   space 11776K, 0% used [0x00000000f9000000,0x00000000f9000000,0x00000000f9b80000)
 ParOldGen       total 71680K, used 36441K [0x00000000b2600000, 0x00000000b6c00000, 0x00000000e6200000)
  object space 71680K, 50% used [0x00000000b2600000,0x00000000b4996400,0x00000000b6c00000)
 Metaspace       used 51693K, capacity 52296K, committed 52992K, reserved 1095680K
  class space    used 6655K, capacity 6822K, committed 6912K, reserved 1048576K
GC Heap History (10 events):
Event: 8.490 GC heap after
Heap after GC invocations=10 (full 1):
 PSYoungGen      total 149504K, used 8189K [0x00000000e6200000, 0x00000000f4100000, 0x0000000100000000)
  eden space 141312K, 0% used [0x00000000e6200000,0x00000000e6200000,0x00000000eec00000)
  from space 8192K, 99% used [0x00000000eec00000,0x00000000ef3ff448,0x00000000ef400000)
  to   space 10240K, 0% used [0x00000000f3700000,0x00000000f3700000,0x00000000f4100000)
 ParOldGen       total 49664K, used 17560K [0x00000000b2600000, 0x00000000b5680000, 0x00000000e6200000)
  object space 49664K, 35% used [0x00000000b2600000,0x00000000b3726380,0x00000000b5680000)
 Metaspace       used 25327K, capacity 25702K, committed 25984K, reserved 1071104K
  class space    used 3295K, capacity 3404K, committed 3456K, reserved 1048576K
}
Event: 9.780 GC heap before
{Heap before GC invocations=11 (full 1):
 PSYoungGen      total 149504K, used 149501K [0x00000000e6200000, 0x00000000f4100000, 0x0000000100000000)
  eden space 141312K, 100% used [0x00000000e6200000,0x00000000eec00000,0x00000000eec00000)
  from space 8192K, 99% used [0x00000000eec00000,0x00000000ef3ff448,0x00000000ef400000)
  to   space 10240K, 0% used [0x00000000f3700000,0x00000000f3700000,0x00000000f4100000)
 ParOldGen       total 49664K, used 17560K [0x00000000b2600000, 0x00000000b5680000, 0x00000000e6200000)
  object space 49664K, 35% used [0x00000000b2600000,0x00000000b3726380,0x00000000b5680000)
 Metaspace       used 29593K, capacity 30022K, committed 30336K, reserved 1075200K
  class space    used 3797K, capacity 3932K, committed 3968K, reserved 1048576K
Event: 9.832 GC heap after
Heap after GC invocations=11 (full 1):
 PSYoungGen      total 216576K, used 9551K [0x00000000e6200000, 0x00000000f4180000, 0x0000000100000000)
  eden space 206336K, 0% used [0x00000000e6200000,0x00000000e6200000,0x00000000f2b80000)
  from space 10240K, 93% used [0x00000000f3700000,0x00000000f4053eb8,0x00000000f4100000)
  to   space 11264K, 0% used [0x00000000f2b80000,0x00000000f2b80000,0x00000000f3680000)
 ParOldGen       total 49664K, used 19321K [0x00000000b2600000, 0x00000000b5680000, 0x00000000e6200000)
  object space 49664K, 38% used [0x00000000b2600000,0x00000000b38de458,0x00000000b5680000)
 Metaspace       used 29593K, capacity 30022K, committed 30336K, reserved 1075200K
  class space    used 3797K, capacity 3932K, committed 3968K, reserved 1048576K
}
Event: 11.928 GC heap before
{Heap before GC invocations=12 (full 1):
 PSYoungGen      total 216576K, used 193260K [0x00000000e6200000, 0x00000000f4180000, 0x0000000100000000)
  eden space 206336K, 89% used [0x00000000e6200000,0x00000000f1567368,0x00000000f2b80000)
  from space 10240K, 93% used [0x00000000f3700000,0x00000000f4053eb8,0x00000000f4100000)
  to   space 11264K, 0% used [0x00000000f2b80000,0x00000000f2b80000,0x00000000f3680000)
 ParOldGen       total 49664K, used 19321K [0x00000000b2600000, 0x00000000b5680000, 0x00000000e6200000)
  object space 49664K, 38% used [0x00000000b2600000,0x00000000b38de458,0x00000000b5680000)
 Metaspace       used 34746K, capacity 35120K, committed 35456K, reserved 1079296K
  class space    used 4539K, capacity 4643K, committed 4736K, reserved 1048576K
Event: 11.990 GC heap after
Heap after GC invocations=12 (full 1):
 PSYoungGen      total 217600K, used 8512K [0x00000000e6200000, 0x00000000f9b80000, 0x0000000100000000)
  eden space 206336K, 0% used [0x00000000e6200000,0x00000000e6200000,0x00000000f2b80000)
  from space 11264K, 75% used [0x00000000f2b80000,0x00000000f33d03b8,0x00000000f3680000)
  to   space 11776K, 0% used [0x00000000f9000000,0x00000000f9000000,0x00000000f9b80000)
 ParOldGen       total 49664K, used 25530K [0x00000000b2600000, 0x00000000b5680000, 0x00000000e6200000)
  object space 49664K, 51% used [0x00000000b2600000,0x00000000b3eee940,0x00000000b5680000)
 Metaspace       used 34746K, capacity 35120K, committed 35456K, reserved 1079296K
  class space    used 4539K, capacity 4643K, committed 4736K, reserved 1048576K
}
Event: 11.990 GC heap before
{Heap before GC invocations=13 (full 2):
 PSYoungGen      total 217600K, used 8512K [0x00000000e6200000, 0x00000000f9b80000, 0x0000000100000000)
  eden space 206336K, 0% used [0x00000000e6200000,0x00000000e6200000,0x00000000f2b80000)
  from space 11264K, 75% used [0x00000000f2b80000,0x00000000f33d03b8,0x00000000f3680000)
  to   space 11776K, 0% used [0x00000000f9000000,0x00000000f9000000,0x00000000f9b80000)
 ParOldGen       total 49664K, used 25530K [0x00000000b2600000, 0x00000000b5680000, 0x00000000e6200000)
  object space 49664K, 51% used [0x00000000b2600000,0x00000000b3eee940,0x00000000b5680000)
 Metaspace       used 34746K, capacity 35120K, committed 35456K, reserved 1079296K
  class space    used 4539K, capacity 4643K, committed 4736K, reserved 1048576K
Event: 12.262 GC heap after
Heap after GC invocations=13 (full 2):
 PSYoungGen      total 217600K, used 0K [0x00000000e6200000, 0x00000000f9b80000, 0x0000000100000000)
  eden space 206336K, 0% used [0x00000000e6200000,0x00000000e6200000,0x00000000f2b80000)
  from space 11264K, 0% used [0x00000000f2b80000,0x00000000f2b80000,0x00000000f3680000)
  to   space 11776K, 0% used [0x00000000f9000000,0x00000000f9000000,0x00000000f9b80000)
 ParOldGen       total 71680K, used 25659K [0x00000000b2600000, 0x00000000b6c00000, 0x00000000e6200000)
  object space 71680K, 35% used [0x00000000b2600000,0x00000000b3f0eda0,0x00000000b6c00000)
 Metaspace       used 34746K, capacity 35120K, committed 35456K, reserved 1079296K
  class space    used 4539K, capacity 4643K, committed 4736K, reserved 1048576K
}
Event: 15.743 GC heap before
{Heap before GC invocations=14 (full 2):
 PSYoungGen      total 217600K, used 206336K [0x00000000e6200000, 0x00000000f9b80000, 0x0000000100000000)
  eden space 206336K, 100% used [0x00000000e6200000,0x00000000f2b80000,0x00000000f2b80000)
  from space 11264K, 0% used [0x00000000f2b80000,0x00000000f2b80000,0x00000000f3680000)
  to   space 11776K, 0% used [0x00000000f9000000,0x00000000f9000000,0x00000000f9b80000)
 ParOldGen       total 71680K, used 25659K [0x00000000b2600000, 0x00000000b6c00000, 0x00000000e6200000)
  object space 71680K, 35% used [0x00000000b2600000,0x00000000b3f0eda0,0x00000000b6c00000)
 Metaspace       used 44483K, capacity 44988K, committed 45312K, reserved 1089536K
  class space    used 5729K, capacity 5886K, committed 5888K, reserved 1048576K
Event: 15.761 GC heap after
Heap after GC invocations=14 (full 2):
 PSYoungGen      total 289280K, used 11772K [0x00000000e6200000, 0x00000000f9b80000, 0x0000000100000000)
  eden space 277504K, 0% used [0x00000000e6200000,0x00000000e6200000,0x00000000f7100000)
  from space 11776K, 99% used [0x00000000f9000000,0x00000000f9b7f040,0x00000000f9b80000)
  to   space 13824K, 0% used [0x00000000f8080000,0x00000000f8080000,0x00000000f8e00000)
 ParOldGen       total 71680K, used 28015K [0x00000000b2600000, 0x00000000b6c00000, 0x00000000e6200000)
  object space 71680K, 39% used [0x00000000b2600000,0x00000000b415bfa0,0x00000000b6c00000)
 Metaspace       used 44483K, capacity 44988K, committed 45312K, reserved 1089536K
  class space    used 5729K, capacity 5886K, committed 5888K, reserved 1048576K
}
Event: 19.984 GC heap before
{Heap before GC invocations=15 (full 2):
 PSYoungGen      total 289280K, used 289276K [0x00000000e6200000, 0x00000000f9b80000, 0x0000000100000000)
  eden space 277504K, 100% used [0x00000000e6200000,0x00000000f7100000,0x00000000f7100000)
  from space 11776K, 99% used [0x00000000f9000000,0x00000000f9b7f040,0x00000000f9b80000)
  to   space 13824K, 0% used [0x00000000f8080000,0x00000000f8080000,0x00000000f8e00000)
 ParOldGen       total 71680K, used 28015K [0x00000000b2600000, 0x00000000b6c00000, 0x00000000e6200000)
  object space 71680K, 39% used [0x00000000b2600000,0x00000000b415bfa0,0x00000000b6c00000)
 Metaspace       used 51693K, capacity 52296K, committed 52992K, reserved 1095680K
  class space    used 6655K, capacity 6822K, committed 6912K, reserved 1048576K

