# JRE version: Java(TM) SE Runtime Environment (8.0_144-b01) (build 1.8.0_144-b01)
# Java VM: Java HotSpot(TM) 64-Bit Server VM (25.144-b01 mixed mode linux-amd64 compressed oops)
Heap:
 PSYoungGen      total 371200K, used 267297K [0x00000000e6200000, 0x0000000100000000, 0x0000000100000000)
  eden space 351232K, 74% used [0x00000000e6200000,0x00000000f620a870,0x00000000fb900000)
  from space 19968K, 25% used [0x00000000fb900000,0x00000000fbdfddb0,0x00000000fcc80000)
  to   space 19456K, 0% used [0x00000000fed00000,0x00000000fed00000,0x0000000100000000)
 ParOldGen       total 74752K, used 47153K [0x00000000b2600000, 0x00000000b6f00000, 0x00000000e6200000)
  object space 74752K, 63% used [0x00000000b2600000,0x00000000b540c748,0x00000000b6f00000)
 Metaspace       used 45745K, capacity 46598K, committed 46808K, reserved 1089536K
  class space    used 5898K, capacity 6091K, committed 6104K, reserved 1048576K
GC Heap History (10 events):
Event: 13.599 GC heap before
{Heap before GC invocations=13 (full 1):
 PSYoungGen      total 209408K, used 197964K [0x00000000e6200000, 0x00000000f8a80000, 0x0000000100000000)
  eden space 196096K, 96% used [0x00000000e6200000,0x00000000f1a629f0,0x00000000f2180000)
  from space 13312K, 68% used [0x00000000f2180000,0x00000000f2a70668,0x00000000f2e80000)
  to   space 13824K, 0% used [0x00000000f7d00000,0x00000000f7d00000,0x00000000f8a80000)
 ParOldGen       total 46080K, used 25895K [0x00000000b2600000, 0x00000000b5300000, 0x00000000e6200000)
  object space 46080K, 56% used [0x00000000b2600000,0x00000000b3f49de0,0x00000000b5300000)
 Metaspace       used 34832K, capacity 35262K, committed 35416K, reserved 1079296K
  class space    used 4533K, capacity 4635K, committed 4696K, reserved 1048576K
Event: 13.621 GC heap after
Heap after GC invocations=13 (full 1):
 PSYoungGen      total 283136K, used 10878K [0x00000000e6200000, 0x00000000f8800000, 0x0000000100000000)
  eden space 271872K, 0% used [0x00000000e6200000,0x00000000e6200000,0x00000000f6b80000)
  from space 11264K, 96% used [0x00000000f7d00000,0x00000000f879f860,0x00000000f8800000)
  to   space 14336K, 0% used [0x00000000f6c00000,0x00000000f6c00000,0x00000000f7a00000)
 ParOldGen       total 46080K, used 28549K [0x00000000b2600000, 0x00000000b5300000, 0x00000000e6200000)
  object space 46080K, 61% used [0x00000000b2600000,0x00000000b41e16f0,0x00000000b5300000)
 Metaspace       used 34832K, capacity 35262K, committed 35416K, reserved 1079296K
  class space    used 4533K, capacity 4635K, committed 4696K, reserved 1048576K
}
Event: 13.621 GC heap before
{Heap before GC invocations=14 (full 2):
 PSYoungGen      total 283136K, used 10878K [0x00000000e6200000, 0x00000000f8800000, 0x0000000100000000)
  eden space 271872K, 0% used [0x00000000e6200000,0x00000000e6200000,0x00000000f6b80000)
  from space 11264K, 96% used [0x00000000f7d00000,0x00000000f879f860,0x00000000f8800000)
  to   space 14336K, 0% used [0x00000000f6c00000,0x00000000f6c00000,0x00000000f7a00000)
 ParOldGen       total 46080K, used 28549K [0x00000000b2600000, 0x00000000b5300000, 0x00000000e6200000)
  object space 46080K, 61% used [0x00000000b2600000,0x00000000b41e16f0,0x00000000b5300000)
 Metaspace       used 34832K, capacity 35262K, committed 35416K, reserved 1079296K
  class space    used 4533K, capacity 4635K, committed 4696K, reserved 1048576K
Event: 13.827 GC heap after
Heap after GC invocations=14 (full 2):
 PSYoungGen      total 283136K, used 0K [0x00000000e6200000, 0x00000000f8800000, 0x0000000100000000)
  eden space 271872K, 0% used [0x00000000e6200000,0x00000000e6200000,0x00000000f6b80000)
  from space 11264K, 0% used [0x00000000f7d00000,0x00000000f7d00000,0x00000000f8800000)
  to   space 14336K, 0% used [0x00000000f6c00000,0x00000000f6c00000,0x00000000f7a00000)
 ParOldGen       total 74752K, used 28954K [0x00000000b2600000, 0x00000000b6f00000, 0x00000000e6200000)
  object space 74752K, 38% used [0x00000000b2600000,0x00000000b4246b60,0x00000000b6f00000)
 Metaspace       used 34832K, capacity 35262K, committed 35416K, reserved 1079296K
  class space    used 4533K, capacity 4635K, committed 4696K, reserved 1048576K
}
Event: 16.761 GC heap before
{Heap before GC invocations=15 (full 2):
 PSYoungGen      total 283136K, used 271872K [0x00000000e6200000, 0x00000000f8800000, 0x0000000100000000)
  eden space 271872K, 100% used [0x00000000e6200000,0x00000000f6b80000,0x00000000f6b80000)
  from space 11264K, 0% used [0x00000000f7d00000,0x00000000f7d00000,0x00000000f8800000)
  to   space 14336K, 0% used [0x00000000f6c00000,0x00000000f6c00000,0x00000000f7a00000)
 ParOldGen       total 74752K, used 28954K [0x00000000b2600000, 0x00000000b6f00000, 0x00000000e6200000)
  object space 74752K, 38% used [0x00000000b2600000,0x00000000b4246b60,0x00000000b6f00000)
 Metaspace       used 40515K, capacity 41116K, committed 41432K, reserved 1085440K
  class space    used 5326K, capacity 5497K, committed 5592K, reserved 1048576K
Event: 16.803 GC heap after
Heap after GC invocations=15 (full 2):
 PSYoungGen      total 286720K, used 14306K [0x00000000e6200000, 0x00000000fdf00000, 0x0000000100000000)
  eden space 272384K, 0% used [0x00000000e6200000,0x00000000e6200000,0x00000000f6c00000)
  from space 14336K, 99% used [0x00000000f6c00000,0x00000000f79f8b18,0x00000000f7a00000)
  to   space 18944K, 0% used [0x00000000fcc80000,0x00000000fcc80000,0x00000000fdf00000)
 ParOldGen       total 74752K, used 35250K [0x00000000b2600000, 0x00000000b6f00000, 0x00000000e6200000)
  object space 74752K, 47% used [0x00000000b2600000,0x00000000b486c8d0,0x00000000b6f00000)
 Metaspace       used 40515K, capacity 41116K, committed 41432K, reserved 1085440K
  class space    used 5326K, capacity 5497K, committed 5592K, reserved 1048576K
}
Event: 18.819 GC heap before
{Heap before GC invocations=16 (full 2):
 PSYoungGen      total 286720K, used 286690K [0x00000000e6200000, 0x00000000fdf00000, 0x0000000100000000)
  eden space 272384K, 100% used [0x00000000e6200000,0x00000000f6c00000,0x00000000f6c00000)
  from space 14336K, 99% used [0x00000000f6c00000,0x00000000f79f8b18,0x00000000f7a00000)
  to   space 18944K, 0% used [0x00000000fcc80000,0x00000000fcc80000,0x00000000fdf00000)
 ParOldGen       total 74752K, used 35250K [0x00000000b2600000, 0x00000000b6f00000, 0x00000000e6200000)
  object space 74752K, 47% used [0x00000000b2600000,0x00000000b486c8d0,0x00000000b6f00000)
 Metaspace       used 43251K, capacity 43976K, committed 44248K, reserved 1087488K
  class space    used 5606K, capacity 5781K, committed 5848K, reserved 1048576K
Event: 18.868 GC heap after
Heap after GC invocations=16 (full 2):
 PSYoungGen      total 370176K, used 14445K [0x00000000e6200000, 0x00000000fe580000, 0x0000000100000000)
  eden space 351232K, 0% used [0x00000000e6200000,0x00000000e6200000,0x00000000fb900000)
  from space 18944K, 76% used [0x00000000fcc80000,0x00000000fda9b4c8,0x00000000fdf00000)
  to   space 19968K, 0% used [0x00000000fb900000,0x00000000fb900000,0x00000000fcc80000)
 ParOldGen       total 74752K, used 41550K [0x00000000b2600000, 0x00000000b6f00000, 0x00000000e6200000)
  object space 74752K, 55% used [0x00000000b2600000,0x00000000b4e93898,0x00000000b6f00000)
 Metaspace       used 43251K, capacity 43976K, committed 44248K, reserved 1087488K
  class space    used 5606K, capacity 5781K, committed 5848K, reserved 1048576K
}
Event: 114.335 GC heap before
{Heap before GC invocations=17 (full 2):
 PSYoungGen      total 370176K, used 365677K [0x00000000e6200000, 0x00000000fe580000, 0x0000000100000000)
  eden space 351232K, 100% used [0x00000000e6200000,0x00000000fb900000,0x00000000fb900000)
  from space 18944K, 76% used [0x00000000fcc80000,0x00000000fda9b4c8,0x00000000fdf00000)
  to   space 19968K, 0% used [0x00000000fb900000,0x00000000fb900000,0x00000000fcc80000)
 ParOldGen       total 74752K, used 41550K [0x00000000b2600000, 0x00000000b6f00000, 0x00000000e6200000)
  object space 74752K, 55% used [0x00000000b2600000,0x00000000b4e93898,0x00000000b6f00000)
 Metaspace       used 45678K, capacity 46510K, committed 46552K, reserved 1089536K
  class space    used 5895K, capacity 6087K, committed 6104K, reserved 1048576K
Event: 114.373 GC heap after
Heap after GC invocations=17 (full 2):
 PSYoungGen      total 371200K, used 5111K [0x00000000e6200000, 0x0000000100000000, 0x0000000100000000)
  eden space 351232K, 0% used [0x00000000e6200000,0x00000000e6200000,0x00000000fb900000)
  from space 19968K, 25% used [0x00000000fb900000,0x00000000fbdfddb0,0x00000000fcc80000)
  to   space 19456K, 0% used [0x00000000fed00000,0x00000000fed00000,0x0000000100000000)
 ParOldGen       total 74752K, used 47153K [0x00000000b2600000, 0x00000000b6f00000, 0x00000000e6200000)
  object space 74752K, 63% used [0x00000000b2600000,0x00000000b540c748,0x00000000b6f00000)
 Metaspace       used 45678K, capacity 46510K, committed 46552K, reserved 1089536K
  class space    used 5895K, capacity 6087K, committed 6104K, reserved 1048576K
}

